<?xml version="1.0" encoding="UTF-8"?>
<testng-results skipped="0" failed="0" ignored="0" total="1" passed="1">
  <reporter-output>
    <line>
      <![CDATA[test is started:CustomerRegistration]]>
    </line>
    <line>
      <![CDATA[test is sucess:CustomerRegistration]]>
    </line>
    <line>
      <![CDATA[<a href='E:\WORKSPACEFORPROJET\ecommerce\src\main\java\com\durgasoft\ecommerce\passedscreens\CustomerRegistration-14-11-2018-12-06-10.png'><img src='E:\WORKSPACEFORPROJET\ecommerce\src\main\java\com\durgasoft\ecommerce\passedscreens\CustomerRegistration-14-11-2018-12-06-10.png'height='100' width='100'/></a>]]>
    </line>
  </reporter-output>
  <suite name="Suite" duration-ms="88424" started-at="2018-11-14T06:34:47Z" finished-at="2018-11-14T06:36:16Z">
    <groups>
    </groups>
    <test name="Test" duration-ms="88424" started-at="2018-11-14T06:34:47Z" finished-at="2018-11-14T06:36:16Z">
      <class name="com.durgasoft.selenium.ecommerce.homepage.Tc001_CustomerRegistration">
        <test-method status="PASS" signature="beforeTest()[pri:0, instance:com.durgasoft.selenium.ecommerce.homepage.Tc001_CustomerRegistration@6b419da]" name="beforeTest" is-config="true" duration-ms="41362" started-at="2018-11-14T06:34:47Z" finished-at="2018-11-14T06:35:29Z">
          <reporter-output>
          </reporter-output>
        </test-method> <!-- beforeTest -->
        <test-method status="PASS" signature="startreport(java.lang.reflect.Method)[pri:0, instance:com.durgasoft.selenium.ecommerce.homepage.Tc001_CustomerRegistration@6b419da]" name="startreport" is-config="true" duration-ms="9" started-at="2018-11-14T06:35:29Z" finished-at="2018-11-14T06:35:29Z">
          <params>
            <param index="0">
              <value>
                <![CDATA[public void com.durgasoft.selenium.ecommerce.homepage.Tc001_CustomerRegistration.CustomerRegistration() throws java.lang.Exception]]>
              </value>
            </param>
          </params>
          <reporter-output>
          </reporter-output>
        </test-method> <!-- startreport -->
        <test-method status="PASS" signature="CustomerRegistration()[pri:0, instance:com.durgasoft.selenium.ecommerce.homepage.Tc001_CustomerRegistration@6b419da]" name="CustomerRegistration" duration-ms="41299" started-at="2018-11-14T06:35:29Z" finished-at="2018-11-14T06:36:10Z">
          <reporter-output>
            <line>
              <![CDATA[test is started:CustomerRegistration]]>
            </line>
            <line>
              <![CDATA[test is sucess:CustomerRegistration]]>
            </line>
            <line>
              <![CDATA[<a href='E:\WORKSPACEFORPROJET\ecommerce\src\main\java\com\durgasoft\ecommerce\passedscreens\CustomerRegistration-14-11-2018-12-06-10.png'><img src='E:\WORKSPACEFORPROJET\ecommerce\src\main\java\com\durgasoft\ecommerce\passedscreens\CustomerRegistration-14-11-2018-12-06-10.png'height='100' width='100'/></a>]]>
            </line>
          </reporter-output>
        </test-method> <!-- CustomerRegistration -->
        <test-method status="PASS" signature="endreport(org.testng.ITestResult)[pri:0, instance:com.durgasoft.selenium.ecommerce.homepage.Tc001_CustomerRegistration@6b419da]" name="endreport" is-config="true" duration-ms="0" started-at="2018-11-14T06:36:11Z" finished-at="2018-11-14T06:36:11Z">
          <params>
            <param index="0">
              <value>
                <![CDATA[[TestResult name=CustomerRegistration status=SUCCESS method=Tc001_CustomerRegistration.CustomerRegistration()[pri:0, instance:com.durgasoft.selenium.ecommerce.homepage.Tc001_CustomerRegistration@6b419da] output=test is started:CustomerRegistration]]]>
              </value>
            </param>
          </params>
          <reporter-output>
          </reporter-output>
        </test-method> <!-- endreport -->
        <test-method status="PASS" signature="afterTest()[pri:0, instance:com.durgasoft.selenium.ecommerce.homepage.Tc001_CustomerRegistration@6b419da]" name="afterTest" is-config="true" duration-ms="5008" started-at="2018-11-14T06:36:11Z" finished-at="2018-11-14T06:36:16Z">
          <reporter-output>
          </reporter-output>
        </test-method> <!-- afterTest -->
      </class> <!-- com.durgasoft.selenium.ecommerce.homepage.Tc001_CustomerRegistration -->
    </test> <!-- Test -->
  </suite> <!-- Suite -->
</testng-results>
